{INFO} Feb-05-2021 Friday CST 11:35:13   Bank account with Rounting number 1 and account number 1 transfer 20.0 to the account with rounting number of 2 and account number of 2  [com.revature.dao.UserDaoImpl]  
{INFO} Feb-05-2021 Friday CST 13:36:58   Bank account with Rounting number 2 and account number 2 of user null make an auto transfer 50.0 to his/her account with rounting number of 3  [com.revature.dao.UserDaoImpl]  
{INFO} Feb-05-2021 Friday CST 13:41:02   Bank account with Rounting number 1 and account number 1 make a pending transfer 2.0 to the account with rounting number of 1 and account number of 2  [com.revature.dao.UserDaoImpl]  
{INFO} Feb-05-2021 Friday CST 13:54:11   Customer with Rounting number 1 and account number 2 make an auto transfer 4.0 to his/her account with rounting number of 2  [com.revature.dao.UserDaoImpl]  
{INFO} Feb-05-2021 Friday CST 15:09:32   Bank account with Rounting number 1 and account number 1 make a pending transfer 200.0 to the account with rounting number of 2 and account number of 2  [com.revature.dao.UserDaoImpl]  
{INFO} Feb-05-2021 Friday CST 21:59:29   Customer with Rounting number 1 and account number 1 had withdraw 200.0  [com.revature.dao.UserDaoImpl]  
{INFO} Feb-05-2021 Friday CST 22:02:54   Customer with Rounting number 1 and account number 1 had withdraw 50.0  [com.revature.dao.UserDaoImpl]  
{INFO} Feb-06-2021 Saturday CST 15:00:59   Customer with Rounting number 1 and account number 1 had deposit 200.0  [com.revature.dao.UserDaoImpl]  
{INFO} Feb-06-2021 Saturday CST 15:01:44   Customer with Rounting number 1 and account number 1 had deposit 200.0  [com.revature.dao.UserDaoImpl]  
{INFO} Feb-06-2021 Saturday CST 15:06:31   Customer with Rounting number 1 and account number 1 had deposit 500.0  [com.revature.dao.UserDaoImpl]  
{INFO} Feb-06-2021 Saturday CST 15:09:41   Customer with Rounting number 1 and account number 1 had deposit 50.0  [com.revature.dao.UserDaoImpl]  
{INFO} Feb-06-2021 Saturday CST 15:10:48   Customer with Rounting number 1 and account number 1 had deposit 500.0  [com.revature.dao.UserDaoImpl]  
{INFO} Feb-06-2021 Saturday CST 15:12:49   Customer with Rounting number 1 and account number 1 had deposit 500.0  [com.revature.dao.UserDaoImpl]  
{INFO} Feb-06-2021 Saturday CST 15:17:26   Customer with Rounting number 1 and account number 1 had deposit 20.0  [com.revature.dao.UserDaoImpl]  
{INFO} Feb-06-2021 Saturday CST 15:40:58   Customer with Rounting number 1 and account number 1 had withdraw 100.0  [com.revature.dao.UserDaoImpl]  
{INFO} Feb-06-2021 Saturday CST 15:43:04   Customer with Rounting number 1 and account number 1 had withdraw 100.0  [com.revature.dao.UserDaoImpl]  
{INFO} Feb-07-2021 Sunday CST 16:59:36   Bank account with Rounting number 1 and account number 1 make a pending transfer 100.0 to the account with rounting number of 3 and account number of 2  [com.revature.dao.UserDaoImpl]  
{INFO} Feb-07-2021 Sunday CST 22:27:59   Bank account with Rounting number 2 and account number 2 make a pending transfer 50.0 to the account with rounting number of 1 and account number of 1  [com.revature.dao.UserDaoImpl]  
{INFO} Feb-07-2021 Sunday CST 23:01:27   Customer with Rounting number 2 and account number 1 had accept a transfer of50.0 from other account with account number of 1 and rounting number of 1  [com.revature.dao.UserDaoImpl]  
{INFO} Feb-07-2021 Sunday CST 23:04:35   Customer with Rounting number 2 and account number 1 had accept a transfer of50.0 from other account with account number of 1 and rounting number of 1  [com.revature.dao.UserDaoImpl]  
{INFO} Feb-07-2021 Sunday CST 23:11:11   Customer with Rounting number 2 and account number 1 had accept a transfer of50.0 from other account with account number of 1 and rounting number of 1  [com.revature.dao.UserDaoImpl]  
{INFO} Feb-08-2021 Monday CST 10:56:36   Pending Transaction Cancel. Customer with Rounting number 2 and account number 2 had REJECT a transfer of 50.0 from other account with account number of 2 and rounting number of 2  [com.revature.dao.UserDaoImpl]  
{INFO} Feb-09-2021 Tuesday CST 00:48:21   Customer with Rounting number 5 and account number 1 had deposit 500.0  [com.revature.dao.UserDaoImpl]  
{INFO} Feb-09-2021 Tuesday CST 00:49:38   Customer with Rounting number 5 and account number 1 had withdraw 100.0  [com.revature.dao.UserDaoImpl]  
{INFO} Feb-09-2021 Tuesday CST 00:50:07   Bank account with Rounting number 5 and account number 1 make a pending transfer 100.0 to the account with rounting number of 2 and account number of 2  [com.revature.dao.UserDaoImpl]  
{INFO} Feb-09-2021 Tuesday CST 01:04:46   Pending Transaction Approved. Customer with Rounting number 5 and account number 2 had ACCEPT a transfer of 100.0 from other account with account number of 2 and rounting number of 2  [com.revature.dao.UserDaoImpl]  
{INFO} Feb-09-2021 Tuesday CST 08:53:21   Customer with Rounting number 2 and account number 2 had deposit -1000.0  [com.revature.dao.UserDaoImpl]  
{INFO} Feb-09-2021 Tuesday CST 08:54:48   Customer with Rounting number 3 and account number 2 make an auto transfer 500.0 to his/her account with rounting number of 2  [com.revature.dao.UserDaoImpl]  
